<?xml version="1.0" encoding="UTF-8"?>
<!-- Generated by org.testng.reporters.JUnitReportReporter -->
<testsuite skipped="0" hostname="HP" name="scripts._01_GoogleTest" tests="3" failures="0" timestamp="2023-06-06T22:39:56 EDT" time="33.885" errors="0">
  <testcase name="validateSearchButton" time="6.764" classname="scripts._01_GoogleTest"/>
  <system-out/>
  <testcase name="validateNavigation" time="20.346" classname="scripts._01_GoogleTest"/>
  <system-out/>
  <testcase name="validateTitleAndURL" time="6.775" classname="scripts._01_GoogleTest"/>
  <system-out/>
</testsuite> <!-- scripts._01_GoogleTest -->
