<?xml version="1.0" encoding="UTF-8"?>
<!-- Generated by org.testng.reporters.JUnitReportReporter -->
<testsuite skipped="0" hostname="HP" name="scripts._03_TGLocatorsTest" tests="5" failures="0" timestamp="2023-06-06T22:39:56 EDT" time="18.649" errors="0">
  <testcase name="validateKiwiParagraph" time="3.665" classname="scripts._03_TGLocatorsTest"/>
  <system-out/>
  <testcase name="validateOrangeParagraph" time="3.664" classname="scripts._03_TGLocatorsTest"/>
  <system-out/>
  <testcase name="validateGrapesParagraph" time="3.468" classname="scripts._03_TGLocatorsTest"/>
  <system-out/>
  <testcase name="validateRedAppleLink" time="3.812" classname="scripts._03_TGLocatorsTest"/>
  <system-out/>
  <testcase name="validateAllLinks" time="4.040" classname="scripts._03_TGLocatorsTest"/>
  <system-out/>
</testsuite> <!-- scripts._03_TGLocatorsTest -->
