<?xml version="1.0" encoding="UTF-8"?>
<!-- Generated by org.testng.reporters.JUnitReportReporter -->
<testsuite skipped="0" hostname="HP" name="scripts._04_TGLocatorsTest" tests="3" failures="0" timestamp="2023-06-10T14:42:26 EDT" time="12.087" errors="0">
  <testcase name="validateListHeaders" time="4.016" classname="scripts._04_TGLocatorsTest"/>
  <system-out/>
  <testcase name="validateTheHeader" time="3.783" classname="scripts._04_TGLocatorsTest"/>
  <system-out/>
  <testcase name="validateLanguages" time="4.288" classname="scripts._04_TGLocatorsTest"/>
  <system-out/>
</testsuite> <!-- scripts._04_TGLocatorsTest -->
