<?xml version="1.0" encoding="UTF-8"?>
<!-- Generated by org.testng.reporters.JUnitReportReporter -->
<testsuite skipped="0" hostname="HP" name="scripts._11_TGDropdownsTest" tests="4" failures="0" timestamp="2023-06-10T14:42:26 EDT" time="46.483" errors="0">
  <testcase name="productColorTest" time="4.010" classname="scripts._11_TGDropdownsTest"/>
  <system-out/>
  <testcase name="productDeliveryTest" time="33.945" classname="scripts._11_TGDropdownsTest"/>
  <system-out/>
  <testcase name="dropdownTestCase" time="4.527" classname="scripts._11_TGDropdownsTest"/>
  <system-out/>
  <testcase name="productDropdownTest" time="4.001" classname="scripts._11_TGDropdownsTest"/>
  <system-out/>
</testsuite> <!-- scripts._11_TGDropdownsTest -->
