<?xml version="1.0" encoding="UTF-8"?>
<!-- Generated by org.testng.reporters.JUnitReportReporter -->
<testsuite skipped="0" hostname="HP" name="scripts._18_TGSortableTableTest" tests="1" failures="0" timestamp="2023-06-06T22:39:56 EDT" time="5.791" errors="0">
  <testcase name="validateSortAscByQuantity" time="5.791" classname="scripts._18_TGSortableTableTest"/>
  <system-out/>
</testsuite> <!-- scripts._18_TGSortableTableTest -->
