<?xml version="1.0" encoding="UTF-8"?>
<!-- Generated by org.testng.reporters.JUnitReportReporter -->
<testsuite skipped="0" hostname="HP" name="scripts._12_TGAlertsTest" tests="2" failures="0" timestamp="2023-06-12T18:55:13 EDT" time="8.070" errors="0">
  <testcase name="warningAlert" time="4.090" classname="scripts._12_TGAlertsTest"/>
  <system-out/>
  <testcase name="confirmationAlert" time="3.980" classname="scripts._12_TGAlertsTest"/>
  <system-out/>
</testsuite> <!-- scripts._12_TGAlertsTest -->
