<?xml version="1.0" encoding="UTF-8"?>
<!-- Generated by org.testng.reporters.JUnitReportReporter -->
<testsuite skipped="0" hostname="HP" name="scripts._01_GoogleTest" tests="3" failures="0" timestamp="2023-06-10T14:42:26 EDT" time="32.972" errors="0">
  <testcase name="validateSearchButton" time="6.423" classname="scripts._01_GoogleTest"/>
  <system-out/>
  <testcase name="validateNavigation" time="18.021" classname="scripts._01_GoogleTest"/>
  <system-out/>
  <testcase name="validateTitleAndURL" time="8.528" classname="scripts._01_GoogleTest"/>
  <system-out/>
</testsuite> <!-- scripts._01_GoogleTest -->
