<?xml version="1.0" encoding="UTF-8"?>
<!-- Generated by org.testng.reporters.JUnitReportReporter -->
<testsuite skipped="0" hostname="HP" name="scripts._11_TGDropdownsTest" tests="4" failures="0" timestamp="2023-06-12T18:55:13 EDT" time="49.291" errors="0">
  <testcase name="productDropdownTest" time="4.707" classname="scripts._11_TGDropdownsTest"/>
  <system-out/>
  <testcase name="productDeliveryTest" time="34.914" classname="scripts._11_TGDropdownsTest"/>
  <system-out/>
  <testcase name="productColorTest" time="4.187" classname="scripts._11_TGDropdownsTest"/>
  <system-out/>
  <testcase name="dropdownTestCase" time="5.483" classname="scripts._11_TGDropdownsTest"/>
  <system-out/>
</testsuite> <!-- scripts._11_TGDropdownsTest -->
