<?xml version="1.0" encoding="UTF-8"?>
<!-- Generated by org.testng.reporters.JUnitReportReporter -->
<testsuite skipped="0" hostname="HP" name="scripts._16_TGFileDownload" tests="1" failures="0" timestamp="2023-06-10T14:42:26 EDT" time="4.025" errors="0">
  <testcase name="validateFileDownload" time="4.025" classname="scripts._16_TGFileDownload"/>
  <system-out/>
</testsuite> <!-- scripts._16_TGFileDownload -->
