<?xml version="1.0" encoding="UTF-8"?>
<!-- Generated by org.testng.reporters.JUnitReportReporter -->
<testsuite skipped="0" hostname="HP" name="scripts._09_TGCheckboxTest" tests="2" failures="0" timestamp="2023-06-06T22:39:56 EDT" time="8.254" errors="0">
  <testcase name="checkboxTest2" time="3.812" classname="scripts._09_TGCheckboxTest"/>
  <system-out/>
  <testcase name="checkboxTest" time="4.442" classname="scripts._09_TGCheckboxTest"/>
  <system-out/>
</testsuite> <!-- scripts._09_TGCheckboxTest -->
