<?xml version="1.0" encoding="UTF-8"?>
<!-- Generated by org.testng.reporters.JUnitReportReporter -->
<testsuite skipped="0" hostname="HP" name="scripts._02_ProjectTest" tests="10" failures="0" timestamp="2023-06-10T14:42:26 EDT" time="70.687" errors="0">
  <testcase name="validateTheLoginForm" time="4.094" classname="scripts._02_ProjectTest"/>
  <system-out/>
  <testcase name="validateTheValidLogin" time="4.242" classname="scripts._02_ProjectTest"/>
  <system-out/>
  <testcase name="validateTheLogOut" time="3.677" classname="scripts._02_ProjectTest"/>
  <system-out/>
  <testcase name="validateTheForgotPasswordLinkAndResetPasswordModal" time="3.937" classname="scripts._02_ProjectTest"/>
  <system-out/>
  <testcase name="validateTheResetPasswordModalCloseButton" time="34.179" classname="scripts._02_ProjectTest"/>
  <system-out/>
  <testcase name="validateTheResetPasswordFormSubmission" time="4.126" classname="scripts._02_ProjectTest"/>
  <system-out/>
  <testcase name="validateTheInvalidLoginWithEmptyCredentials" time="4.092" classname="scripts._02_ProjectTest"/>
  <system-out/>
  <testcase name="validateTheInvalidLoginWithTheWrongUsername" time="4.119" classname="scripts._02_ProjectTest"/>
  <system-out/>
  <testcase name="validateTheInvalidLoginWithTheWrongPassword" time="4.139" classname="scripts._02_ProjectTest"/>
  <system-out/>
  <testcase name="validateTheInvalidLoginWithTheWrongUsernameAndPassword" time="4.082" classname="scripts._02_ProjectTest"/>
  <system-out/>
</testsuite> <!-- scripts._02_ProjectTest -->
