<?xml version="1.0" encoding="UTF-8"?>
<!-- Generated by org.testng.reporters.JUnitReportReporter -->
<testsuite skipped="0" hostname="HP" name="scripts._01_GoogleTest" tests="4" failures="0" timestamp="2023-06-12T18:55:13 EDT" time="43.154" errors="0">
  <testcase name="validateNavigation" time="20.960" classname="scripts._01_GoogleTest"/>
  <system-out/>
  <testcase name="validateSearchButton" time="6.419" classname="scripts._01_GoogleTest"/>
  <system-out/>
  <testcase name="validateTitleAndURL" time="6.654" classname="scripts._01_GoogleTest"/>
  <system-out/>
  <testcase name="validateSearchBar" time="9.121" classname="scripts._01_GoogleTest"/>
  <system-out/>
</testsuite> <!-- scripts._01_GoogleTest -->
