<?xml version="1.0" encoding="UTF-8"?>
<!-- Generated by org.testng.reporters.JUnitReportReporter -->
<testsuite skipped="0" hostname="HP" name="scripts._01_GoogleTest" tests="3" failures="0" timestamp="2023-06-05T21:08:36 EDT" time="31.355" errors="0">
  <testcase name="validateSearchButton" time="6.557" classname="scripts._01_GoogleTest"/>
  <system-out/>
  <testcase name="validateNavigation" time="18.299" classname="scripts._01_GoogleTest"/>
  <system-out/>
  <testcase name="validateTitleAndURL" time="6.499" classname="scripts._01_GoogleTest"/>
  <system-out/>
</testsuite> <!-- scripts._01_GoogleTest -->
