<?xml version="1.0" encoding="UTF-8"?>
<!-- Generated by org.testng.reporters.JUnitReportReporter -->
<testsuite skipped="0" hostname="HP" name="scripts._09_TGCheckboxTest" tests="2" failures="0" timestamp="2023-06-05T21:08:36 EDT" time="7.897" errors="0">
  <testcase name="checkboxTest2" time="4.165" classname="scripts._09_TGCheckboxTest"/>
  <system-out/>
  <testcase name="checkboxTest" time="3.732" classname="scripts._09_TGCheckboxTest"/>
  <system-out/>
</testsuite> <!-- scripts._09_TGCheckboxTest -->
