<?xml version="1.0" encoding="UTF-8"?>
<!-- Generated by org.testng.reporters.JUnitReportReporter -->
<testsuite skipped="0" hostname="HP" name="scripts._16_TGFileDownload" tests="1" failures="0" timestamp="2023-06-06T22:39:56 EDT" time="3.715" errors="0">
  <testcase name="validateFileDownload" time="3.715" classname="scripts._16_TGFileDownload"/>
  <system-out/>
</testsuite> <!-- scripts._16_TGFileDownload -->
