<?xml version="1.0" encoding="UTF-8"?>
<!-- Generated by org.testng.reporters.JUnitReportReporter -->
<testsuite skipped="0" hostname="HP" name="scripts._07_TGDynamicElementsTest" tests="3" failures="0" timestamp="2023-06-06T22:39:56 EDT" time="11.689" errors="0">
  <testcase name="validateDynamicElementBox2" time="4.035" classname="scripts._07_TGDynamicElementsTest"/>
  <system-out/>
  <testcase name="validateDynamicElementBoxes" time="3.932" classname="scripts._07_TGDynamicElementsTest"/>
  <system-out/>
  <testcase name="validateDynamicElementBox1" time="3.722" classname="scripts._07_TGDynamicElementsTest"/>
  <system-out/>
</testsuite> <!-- scripts._07_TGDynamicElementsTest -->
