<?xml version="1.0" encoding="UTF-8"?>
<!-- Generated by org.testng.reporters.JUnitReportReporter -->
<testsuite skipped="0" hostname="HP" name="scripts._05_FacebookTest" tests="1" failures="0" timestamp="2023-06-10T14:42:26 EDT" time="4.931" errors="0">
  <testcase name="validateFacebookInvalidLoginAttempt" time="4.931" classname="scripts._05_FacebookTest"/>
  <system-out/>
</testsuite> <!-- scripts._05_FacebookTest -->
