<?xml version="1.0" encoding="UTF-8"?>
<!-- Generated by org.testng.reporters.JUnitReportReporter -->
<testsuite skipped="0" hostname="HP" name="scripts._19_TGActionsTest" tests="4" failures="0" timestamp="2023-06-12T18:55:13 EDT" time="172.050" errors="0">
  <testcase name="keyboardActions" time="7.947" classname="scripts._19_TGActionsTest"/>
  <system-out/>
  <testcase name="dragAndDrop" time="149.356" classname="scripts._19_TGActionsTest"/>
  <system-out/>
  <testcase name="moreKeyboardActions" time="7.629" classname="scripts._19_TGActionsTest"/>
  <system-out/>
  <testcase name="mouseActions" time="7.118" classname="scripts._19_TGActionsTest"/>
  <system-out/>
</testsuite> <!-- scripts._19_TGActionsTest -->
