<?xml version="1.0" encoding="UTF-8"?>
<!-- Generated by org.testng.reporters.JUnitReportReporter -->
<testsuite skipped="0" hostname="HP" name="scripts._17_TGStaticTableTest" tests="4" failures="0" timestamp="2023-06-06T22:39:56 EDT" time="15.269" errors="0">
  <testcase name="validateLastColumn" time="3.895" classname="scripts._17_TGStaticTableTest"/>
  <system-out/>
  <testcase name="validateEachCell" time="4.003" classname="scripts._17_TGStaticTableTest"/>
  <system-out/>
  <testcase name="validateFirstRow" time="3.514" classname="scripts._17_TGStaticTableTest"/>
  <system-out/>
  <testcase name="validateTableHeader" time="3.857" classname="scripts._17_TGStaticTableTest"/>
  <system-out/>
</testsuite> <!-- scripts._17_TGStaticTableTest -->
