<?xml version="1.0" encoding="UTF-8"?>
<!-- Generated by org.testng.reporters.JUnitReportReporter -->
<testsuite skipped="0" hostname="HP" name="scripts._03_TGLocatorsTest" tests="5" failures="0" timestamp="2023-06-05T21:08:36 EDT" time="18.917" errors="0">
  <testcase name="validateKiwiParagraph" time="3.814" classname="scripts._03_TGLocatorsTest"/>
  <system-out/>
  <testcase name="validateOrangeParagraph" time="3.820" classname="scripts._03_TGLocatorsTest"/>
  <system-out/>
  <testcase name="validateGrapesParagraph" time="3.578" classname="scripts._03_TGLocatorsTest"/>
  <system-out/>
  <testcase name="validateRedAppleLink" time="3.801" classname="scripts._03_TGLocatorsTest"/>
  <system-out/>
  <testcase name="validateAllLinks" time="3.904" classname="scripts._03_TGLocatorsTest"/>
  <system-out/>
</testsuite> <!-- scripts._03_TGLocatorsTest -->
