<?xml version="1.0" encoding="UTF-8"?>
<!-- Generated by org.testng.reporters.JUnitReportReporter -->
<testsuite skipped="0" hostname="HP" name="scripts._06_WikiTest" tests="1" failures="0" timestamp="2023-06-06T22:39:56 EDT" time="4.149" errors="0">
  <testcase name="validateWikiSearch2" time="4.149" classname="scripts._06_WikiTest"/>
  <system-out/>
</testsuite> <!-- scripts._06_WikiTest -->
