<?xml version="1.0" encoding="UTF-8"?>
<!-- Generated by org.testng.reporters.JUnitReportReporter -->
<testsuite skipped="0" hostname="HP" name="scripts._11_TGDropdownsTest" tests="4" failures="0" timestamp="2023-06-05T21:08:36 EDT" time="45.718" errors="0">
  <testcase name="productColorTest" time="3.921" classname="scripts._11_TGDropdownsTest"/>
  <system-out/>
  <testcase name="dropdownTestCase" time="4.181" classname="scripts._11_TGDropdownsTest"/>
  <system-out/>
  <testcase name="productDropdownTest" time="3.764" classname="scripts._11_TGDropdownsTest"/>
  <system-out/>
  <testcase name="productDeliveryTest" time="33.852" classname="scripts._11_TGDropdownsTest"/>
  <system-out/>
</testsuite> <!-- scripts._11_TGDropdownsTest -->
