<?xml version="1.0" encoding="UTF-8"?>
<!-- Generated by org.testng.reporters.JUnitReportReporter -->
<testsuite skipped="2" hostname="HP" name="testng_knowledge._03_Ignoring_Tests" tests="3" failures="0" timestamp="2023-06-12T18:55:13 EDT" time="0.000" errors="0">
  <testcase name="test1" time="0.000" classname="testng_knowledge._03_Ignoring_Tests"/>
  <system-out/>
  <testcase name="test3" classname="testng_knowledge._03_Ignoring_Tests">
    <skipped/>
  </testcase> <!-- test3 -->
  <system-out/>
  <testcase name="test2" classname="testng_knowledge._03_Ignoring_Tests">
    <skipped/>
  </testcase> <!-- test2 -->
  <system-out/>
</testsuite> <!-- testng_knowledge._03_Ignoring_Tests -->
