<?xml version="1.0" encoding="UTF-8"?>
<!-- Generated by org.testng.reporters.JUnitReportReporter -->
<testsuite skipped="0" hostname="HP" name="scripts._03_TGLocatorsTest" tests="5" failures="0" timestamp="2023-06-10T14:42:26 EDT" time="19.339" errors="0">
  <testcase name="validateKiwiParagraph" time="3.952" classname="scripts._03_TGLocatorsTest"/>
  <system-out/>
  <testcase name="validateOrangeParagraph" time="3.843" classname="scripts._03_TGLocatorsTest"/>
  <system-out/>
  <testcase name="validateGrapesParagraph" time="3.760" classname="scripts._03_TGLocatorsTest"/>
  <system-out/>
  <testcase name="validateRedAppleLink" time="3.782" classname="scripts._03_TGLocatorsTest"/>
  <system-out/>
  <testcase name="validateAllLinks" time="4.002" classname="scripts._03_TGLocatorsTest"/>
  <system-out/>
</testsuite> <!-- scripts._03_TGLocatorsTest -->
