<?xml version="1.0" encoding="UTF-8"?>
<!-- Generated by org.testng.reporters.JUnitReportReporter -->
<testsuite skipped="0" hostname="HP" name="scripts._10_TGRadioButtonsTest" tests="2" failures="0" timestamp="2023-06-06T22:39:56 EDT" time="7.955" errors="0">
  <testcase name="radioButtonsTest" time="4.017" classname="scripts._10_TGRadioButtonsTest"/>
  <system-out/>
  <testcase name="validatePracticeMore" time="3.938" classname="scripts._10_TGRadioButtonsTest"/>
  <system-out/>
</testsuite> <!-- scripts._10_TGRadioButtonsTest -->
