<?xml version="1.0" encoding="UTF-8"?>
<!-- Generated by org.testng.reporters.JUnitReportReporter -->
<testsuite skipped="0" hostname="HP" name="scripts._12_TGAlertsTest" tests="2" failures="0" timestamp="2023-06-06T22:39:56 EDT" time="7.697" errors="0">
  <testcase name="confirmationAlert" time="3.961" classname="scripts._12_TGAlertsTest"/>
  <system-out/>
  <testcase name="warningAlert" time="3.736" classname="scripts._12_TGAlertsTest"/>
  <system-out/>
</testsuite> <!-- scripts._12_TGAlertsTest -->
