<?xml version="1.0" encoding="UTF-8"?>
<!-- Generated by org.testng.reporters.JUnitReportReporter -->
<testsuite skipped="0" hostname="HP" name="scripts._17_TGStaticTableTest" tests="4" failures="0" timestamp="2023-06-10T14:42:26 EDT" time="16.837" errors="0">
  <testcase name="validateTableHeader" time="4.095" classname="scripts._17_TGStaticTableTest"/>
  <system-out/>
  <testcase name="validateEachCell" time="4.376" classname="scripts._17_TGStaticTableTest"/>
  <system-out/>
  <testcase name="validateLastColumn" time="4.276" classname="scripts._17_TGStaticTableTest"/>
  <system-out/>
  <testcase name="validateFirstRow" time="4.090" classname="scripts._17_TGStaticTableTest"/>
  <system-out/>
</testsuite> <!-- scripts._17_TGStaticTableTest -->
