<?xml version="1.0" encoding="UTF-8"?>
<!-- Generated by org.testng.reporters.JUnitReportReporter -->
<testsuite skipped="0" hostname="HP" name="scripts._09_TGCheckboxTest" tests="2" failures="0" timestamp="2023-06-10T14:42:26 EDT" time="8.038" errors="0">
  <testcase name="checkboxTest" time="3.805" classname="scripts._09_TGCheckboxTest"/>
  <system-out/>
  <testcase name="checkboxTest2" time="4.233" classname="scripts._09_TGCheckboxTest"/>
  <system-out/>
</testsuite> <!-- scripts._09_TGCheckboxTest -->
