<?xml version="1.0" encoding="UTF-8"?>
<!-- Generated by org.testng.reporters.JUnitReportReporter -->
<testsuite skipped="0" hostname="HP" name="scripts._02_ProjectTest" tests="10" failures="0" timestamp="2023-06-12T18:55:13 EDT" time="71.574" errors="0">
  <testcase name="validateTheLoginForm" time="4.336" classname="scripts._02_ProjectTest"/>
  <system-out/>
  <testcase name="validateTheValidLogin" time="3.993" classname="scripts._02_ProjectTest"/>
  <system-out/>
  <testcase name="validateTheLogOut" time="4.407" classname="scripts._02_ProjectTest"/>
  <system-out/>
  <testcase name="validateTheForgotPasswordLinkAndResetPasswordModal" time="4.254" classname="scripts._02_ProjectTest"/>
  <system-out/>
  <testcase name="validateTheResetPasswordModalCloseButton" time="34.330" classname="scripts._02_ProjectTest"/>
  <system-out/>
  <testcase name="validateTheResetPasswordFormSubmission" time="4.224" classname="scripts._02_ProjectTest"/>
  <system-out/>
  <testcase name="validateTheInvalidLoginWithEmptyCredentials" time="3.913" classname="scripts._02_ProjectTest"/>
  <system-out/>
  <testcase name="validateTheInvalidLoginWithTheWrongUsername" time="4.091" classname="scripts._02_ProjectTest"/>
  <system-out/>
  <testcase name="validateTheInvalidLoginWithTheWrongPassword" time="3.983" classname="scripts._02_ProjectTest"/>
  <system-out/>
  <testcase name="validateTheInvalidLoginWithTheWrongUsernameAndPassword" time="4.043" classname="scripts._02_ProjectTest"/>
  <system-out/>
</testsuite> <!-- scripts._02_ProjectTest -->
