<?xml version="1.0" encoding="UTF-8"?>
<!-- Generated by org.testng.reporters.JUnitReportReporter -->
<testsuite skipped="0" hostname="HP" name="scripts._10_TGRadioButtonsTest" tests="2" failures="0" timestamp="2023-06-12T18:55:13 EDT" time="9.664" errors="0">
  <testcase name="validatePracticeMore" time="4.837" classname="scripts._10_TGRadioButtonsTest"/>
  <system-out/>
  <testcase name="radioButtonsTest" time="4.827" classname="scripts._10_TGRadioButtonsTest"/>
  <system-out/>
</testsuite> <!-- scripts._10_TGRadioButtonsTest -->
