<?xml version="1.0" encoding="UTF-8"?>
<!-- Generated by org.testng.reporters.JUnitReportReporter -->
<testsuite skipped="0" hostname="HP" name="scripts._03_TGLocatorsTest" tests="6" failures="0" timestamp="2023-06-12T18:55:13 EDT" time="24.391" errors="0">
  <testcase name="validateKiwiParagraph" time="4.126" classname="scripts._03_TGLocatorsTest"/>
  <system-out/>
  <testcase name="validateOrangeParagraph" time="3.957" classname="scripts._03_TGLocatorsTest"/>
  <system-out/>
  <testcase name="validateGrapesParagraph" time="3.799" classname="scripts._03_TGLocatorsTest"/>
  <system-out/>
  <testcase name="validateAllParagraphs" time="4.421" classname="scripts._03_TGLocatorsTest"/>
  <system-out/>
  <testcase name="validateRedAppleLink" time="3.914" classname="scripts._03_TGLocatorsTest"/>
  <system-out/>
  <testcase name="validateAllLinks" time="4.174" classname="scripts._03_TGLocatorsTest"/>
  <system-out/>
</testsuite> <!-- scripts._03_TGLocatorsTest -->
