<?xml version="1.0" encoding="UTF-8"?>
<!-- Generated by org.testng.reporters.JUnitReportReporter -->
<testsuite skipped="0" hostname="HP" name="scripts._06_WikiTest" tests="2" failures="0" timestamp="2023-06-12T18:55:13 EDT" time="8.966" errors="0">
  <testcase name="validateWikiSearch2" time="4.725" classname="scripts._06_WikiTest"/>
  <system-out/>
  <testcase name="validateWikiSearch1" time="4.241" classname="scripts._06_WikiTest"/>
  <system-out/>
</testsuite> <!-- scripts._06_WikiTest -->
