<?xml version="1.0" encoding="UTF-8"?>
<!-- Generated by org.testng.reporters.JUnitReportReporter -->
<testsuite skipped="0" hostname="HP" name="scripts._18_TGSortableTableTest" tests="1" failures="0" timestamp="2023-06-12T18:55:13 EDT" time="5.766" errors="0">
  <testcase name="validateSortAscByQuantity" time="5.766" classname="scripts._18_TGSortableTableTest"/>
  <system-out/>
</testsuite> <!-- scripts._18_TGSortableTableTest -->
