<?xml version="1.0" encoding="UTF-8"?>
<!-- Generated by org.testng.reporters.JUnitReportReporter -->
<testsuite skipped="0" hostname="HP" name="scripts._20_GoogleSearchTest" tests="5" failures="0" timestamp="2023-06-12T18:55:13 EDT" time="28.721" errors="0">
  <testcase name="validateTheGoogleSearchResult" time="5.591" classname="scripts._20_GoogleSearchTest"/>
  <system-out/>
  <testcase name="validateTheSearch" time="5.349" classname="scripts._20_GoogleSearchTest"/>
  <system-out/>
  <testcase name="validateTheSearch" time="5.942" classname="scripts._20_GoogleSearchTest"/>
  <system-out/>
  <testcase name="validateTheSearch" time="5.405" classname="scripts._20_GoogleSearchTest"/>
  <system-out/>
  <testcase name="validateTheSearch" time="6.434" classname="scripts._20_GoogleSearchTest"/>
  <system-out/>
</testsuite> <!-- scripts._20_GoogleSearchTest -->
