<?xml version="1.0" encoding="UTF-8"?>
<!-- Generated by org.testng.reporters.JUnitReportReporter -->
<testsuite skipped="0" hostname="HP" name="scripts._05_FacebookTest" tests="2" failures="0" timestamp="2023-06-12T18:55:13 EDT" time="9.026" errors="0">
  <testcase name="validateFacebookLoginForm" time="4.097" classname="scripts._05_FacebookTest"/>
  <system-out/>
  <testcase name="validateFacebookInvalidLoginAttempt" time="4.929" classname="scripts._05_FacebookTest"/>
  <system-out/>
</testsuite> <!-- scripts._05_FacebookTest -->
