<?xml version="1.0" encoding="UTF-8"?>
<!-- Generated by org.testng.reporters.JUnitReportReporter -->
<testsuite skipped="0" hostname="HP" name="scripts._19_TGActionsTest" tests="4" failures="0" timestamp="2023-06-10T14:42:26 EDT" time="56.428" errors="0">
  <testcase name="dragAndDrop" time="32.443" classname="scripts._19_TGActionsTest"/>
  <system-out/>
  <testcase name="moreKeyboardActions" time="8.114" classname="scripts._19_TGActionsTest"/>
  <system-out/>
  <testcase name="mouseActions" time="7.632" classname="scripts._19_TGActionsTest"/>
  <system-out/>
  <testcase name="keyboardActions" time="8.239" classname="scripts._19_TGActionsTest"/>
  <system-out/>
</testsuite> <!-- scripts._19_TGActionsTest -->
