<?xml version="1.0" encoding="UTF-8"?>
<!-- Generated by org.testng.reporters.JUnitReportReporter -->
<testsuite skipped="0" hostname="HP" name="scripts._09_TGCheckboxTest" tests="2" failures="0" timestamp="2023-06-12T18:55:13 EDT" time="9.657" errors="0">
  <testcase name="checkboxTest" time="4.972" classname="scripts._09_TGCheckboxTest"/>
  <system-out/>
  <testcase name="checkboxTest2" time="4.685" classname="scripts._09_TGCheckboxTest"/>
  <system-out/>
</testsuite> <!-- scripts._09_TGCheckboxTest -->
