<?xml version="1.0" encoding="UTF-8"?>
<!-- Generated by org.testng.reporters.JUnitReportReporter -->
<testsuite skipped="0" hostname="HP" name="scripts._11_TGDropdownsTest" tests="4" failures="0" timestamp="2023-06-06T22:39:56 EDT" time="46.539" errors="0">
  <testcase name="productColorTest" time="4.252" classname="scripts._11_TGDropdownsTest"/>
  <system-out/>
  <testcase name="dropdownTestCase" time="4.355" classname="scripts._11_TGDropdownsTest"/>
  <system-out/>
  <testcase name="productDropdownTest" time="3.862" classname="scripts._11_TGDropdownsTest"/>
  <system-out/>
  <testcase name="productDeliveryTest" time="34.070" classname="scripts._11_TGDropdownsTest"/>
  <system-out/>
</testsuite> <!-- scripts._11_TGDropdownsTest -->
