<?xml version="1.0" encoding="UTF-8"?>
<!-- Generated by org.testng.reporters.JUnitReportReporter -->
<testsuite skipped="0" hostname="HP" name="scripts._17_TGStaticTableTest" tests="4" failures="0" timestamp="2023-06-12T18:55:13 EDT" time="14.686" errors="0">
  <testcase name="validateFirstRow" time="3.519" classname="scripts._17_TGStaticTableTest"/>
  <system-out/>
  <testcase name="validateLastColumn" time="3.705" classname="scripts._17_TGStaticTableTest"/>
  <system-out/>
  <testcase name="validateTableHeader" time="3.901" classname="scripts._17_TGStaticTableTest"/>
  <system-out/>
  <testcase name="validateEachCell" time="3.561" classname="scripts._17_TGStaticTableTest"/>
  <system-out/>
</testsuite> <!-- scripts._17_TGStaticTableTest -->
