<?xml version="1.0" encoding="UTF-8"?>
<!-- Generated by org.testng.reporters.JUnitReportReporter -->
<testsuite skipped="0" hostname="HP" name="scripts._15_TGFileUpload" tests="1" failures="0" timestamp="2023-06-06T22:39:56 EDT" time="7.134" errors="0">
  <testcase name="basicFileUpload" time="7.134" classname="scripts._15_TGFileUpload"/>
  <system-out/>
</testsuite> <!-- scripts._15_TGFileUpload -->
