<?xml version="1.0" encoding="UTF-8"?>
<!-- Generated by org.testng.reporters.JUnitReportReporter -->
<testsuite skipped="0" hostname="HP" name="scripts._04_TGLocatorsTest" tests="4" failures="0" timestamp="2023-06-12T18:55:13 EDT" time="16.591" errors="0">
  <testcase name="automationTools" time="4.368" classname="scripts._04_TGLocatorsTest"/>
  <system-out/>
  <testcase name="validateLanguages" time="4.058" classname="scripts._04_TGLocatorsTest"/>
  <system-out/>
  <testcase name="validateListHeaders" time="4.035" classname="scripts._04_TGLocatorsTest"/>
  <system-out/>
  <testcase name="validateTheHeader" time="4.130" classname="scripts._04_TGLocatorsTest"/>
  <system-out/>
</testsuite> <!-- scripts._04_TGLocatorsTest -->
