<?xml version="1.0" encoding="UTF-8"?>
<!-- Generated by org.testng.reporters.JUnitReportReporter -->
<testsuite skipped="0" hostname="HP" name="scripts._12_TGAlertsTest" tests="2" failures="0" timestamp="2023-06-10T14:42:26 EDT" time="7.967" errors="0">
  <testcase name="warningAlert" time="3.893" classname="scripts._12_TGAlertsTest"/>
  <system-out/>
  <testcase name="confirmationAlert" time="4.074" classname="scripts._12_TGAlertsTest"/>
  <system-out/>
</testsuite> <!-- scripts._12_TGAlertsTest -->
